{
  "D:/1Программирование/RS School/2react-rsschool/src/redux/hooks.tsx": {
    "path": "D:/1Программирование/RS School/2react-rsschool/src/redux/hooks.tsx",
    "statementMap": {
      "0": {
        "start": {
          "line": 2,
          "column": 30
        },
        "end": {
          "line": 2,
          "column": 41
        }
      },
      "1": {
        "start": {
          "line": 3,
          "column": 30
        },
        "end": {
          "line": 3,
          "column": 41
        }
      }
    },
    "fnMap": {},
    "branchMap": {},
    "s": {
      "0": 2,
      "1": 2
    },
    "f": {},
    "b": {},
    "inputSourceMap": {
      "version": 3,
      "mappings": "AAAA,SAASA,aAAaC,mBAAmB;AAIlC,aAAMC,iBAAoCF;AAC1C,aAAMG,iBAAkDF",
      "names": [
        "useDispatch",
        "useSelector",
        "useAppDispatch",
        "useAppSelector"
      ],
      "sources": [
        "D:/1Программирование/RS School/2react-rsschool/src/redux/hooks.tsx"
      ],
      "file": "D:/1Программирование/RS School/2react-rsschool/src/redux/hooks.tsx"
    },
    "_coverageSchema": "1a1c01bbd47fc00a2c39e90264f33305004495a9",
    "hash": "71931b5e347f8e5414403da3a718f0516e71da59"
  },
  "D:/1Программирование/RS School/2react-rsschool/src/components/Modal.tsx": {
    "path": "D:/1Программирование/RS School/2react-rsschool/src/components/Modal.tsx",
    "statementMap": {
      "0": {
        "start": {
          "line": 5,
          "column": 0
        },
        "end": {
          "line": 15,
          "column": 1
        }
      },
      "1": {
        "start": {
          "line": 6,
          "column": 2
        },
        "end": {
          "line": 8,
          "column": 3
        }
      },
      "2": {
        "start": {
          "line": 7,
          "column": 4
        },
        "end": {
          "line": 7,
          "column": 165
        }
      },
      "3": {
        "start": {
          "line": 9,
          "column": 2
        },
        "end": {
          "line": 9,
          "column": 39
        }
      },
      "4": {
        "start": {
          "line": 10,
          "column": 2
        },
        "end": {
          "line": 10,
          "column": 39
        }
      },
      "5": {
        "start": {
          "line": 11,
          "column": 2
        },
        "end": {
          "line": 13,
          "column": 4
        }
      },
      "6": {
        "start": {
          "line": 12,
          "column": 4
        },
        "end": {
          "line": 12,
          "column": 115
        }
      },
      "7": {
        "start": {
          "line": 14,
          "column": 2
        },
        "end": {
          "line": 14,
          "column": 75
        }
      },
      "8": {
        "start": {
          "line": 17,
          "column": 14
        },
        "end": {
          "line": 163,
          "column": 1
        }
      },
      "9": {
        "start": {
          "line": 21,
          "column": 26
        },
        "end": {
          "line": 23,
          "column": 3
        }
      },
      "10": {
        "start": {
          "line": 22,
          "column": 4
        },
        "end": {
          "line": 22,
          "column": 28
        }
      },
      "11": {
        "start": {
          "line": 24,
          "column": 25
        },
        "end": {
          "line": 24,
          "column": 27
        }
      },
      "12": {
        "start": {
          "line": 25,
          "column": 2
        },
        "end": {
          "line": 28,
          "column": 5
        }
      },
      "13": {
        "start": {
          "line": 26,
          "column": 16
        },
        "end": {
          "line": 26,
          "column": 34
        }
      },
      "14": {
        "start": {
          "line": 27,
          "column": 4
        },
        "end": {
          "line": 27,
          "column": 45
        }
      },
      "15": {
        "start": {
          "line": 29,
          "column": 2
        },
        "end": {
          "line": 162,
          "column": 11
        }
      },
      "16": {
        "start": {
          "line": 144,
          "column": 6
        },
        "end": {
          "line": 148,
          "column": 15
        }
      },
      "17": {
        "start": {
          "line": 164,
          "column": 0
        },
        "end": {
          "line": 164,
          "column": 11
        }
      },
      "18": {
        "start": {
          "line": 167,
          "column": 0
        },
        "end": {
          "line": 167,
          "column": 26
        }
      },
      "19": {
        "start": {
          "line": 168,
          "column": 0
        },
        "end": {
          "line": 184,
          "column": 1
        }
      },
      "20": {
        "start": {
          "line": 169,
          "column": 2
        },
        "end": {
          "line": 169,
          "column": 39
        }
      },
      "21": {
        "start": {
          "line": 170,
          "column": 2
        },
        "end": {
          "line": 170,
          "column": 39
        }
      },
      "22": {
        "start": {
          "line": 171,
          "column": 2
        },
        "end": {
          "line": 183,
          "column": 5
        }
      },
      "23": {
        "start": {
          "line": 175,
          "column": 4
        },
        "end": {
          "line": 175,
          "column": 141
        }
      },
      "24": {
        "start": {
          "line": 176,
          "column": 4
        },
        "end": {
          "line": 182,
          "column": 7
        }
      },
      "25": {
        "start": {
          "line": 177,
          "column": 6
        },
        "end": {
          "line": 178,
          "column": 15
        }
      },
      "26": {
        "start": {
          "line": 178,
          "column": 8
        },
        "end": {
          "line": 178,
          "column": 15
        }
      },
      "27": {
        "start": {
          "line": 179,
          "column": 32
        },
        "end": {
          "line": 179,
          "column": 115
        }
      },
      "28": {
        "start": {
          "line": 180,
          "column": 6
        },
        "end": {
          "line": 181,
          "column": 54
        }
      },
      "29": {
        "start": {
          "line": 181,
          "column": 8
        },
        "end": {
          "line": 181,
          "column": 54
        }
      }
    },
    "fnMap": {
      "0": {
        "name": "(anonymous_0)",
        "decl": {
          "start": {
            "line": 11,
            "column": 24
          },
          "end": {
            "line": 11,
            "column": 25
          }
        },
        "loc": {
          "start": {
            "line": 11,
            "column": 38
          },
          "end": {
            "line": 13,
            "column": 3
          }
        },
        "line": 11
      },
      "1": {
        "name": "(anonymous_1)",
        "decl": {
          "start": {
            "line": 17,
            "column": 14
          },
          "end": {
            "line": 17,
            "column": 15
          }
        },
        "loc": {
          "start": {
            "line": 20,
            "column": 6
          },
          "end": {
            "line": 163,
            "column": 1
          }
        },
        "line": 20
      },
      "2": {
        "name": "(anonymous_2)",
        "decl": {
          "start": {
            "line": 21,
            "column": 26
          },
          "end": {
            "line": 21,
            "column": 27
          }
        },
        "loc": {
          "start": {
            "line": 21,
            "column": 37
          },
          "end": {
            "line": 23,
            "column": 3
          }
        },
        "line": 21
      },
      "3": {
        "name": "(anonymous_3)",
        "decl": {
          "start": {
            "line": 25,
            "column": 23
          },
          "end": {
            "line": 25,
            "column": 24
          }
        },
        "loc": {
          "start": {
            "line": 25,
            "column": 36
          },
          "end": {
            "line": 28,
            "column": 3
          }
        },
        "line": 25
      },
      "4": {
        "name": "(anonymous_4)",
        "decl": {
          "start": {
            "line": 143,
            "column": 105
          },
          "end": {
            "line": 143,
            "column": 106
          }
        },
        "loc": {
          "start": {
            "line": 143,
            "column": 118
          },
          "end": {
            "line": 149,
            "column": 5
          }
        },
        "line": 143
      },
      "5": {
        "name": "(anonymous_5)",
        "decl": {
          "start": {
            "line": 174,
            "column": 9
          },
          "end": {
            "line": 174,
            "column": 10
          }
        },
        "loc": {
          "start": {
            "line": 174,
            "column": 29
          },
          "end": {
            "line": 183,
            "column": 3
          }
        },
        "line": 174
      },
      "6": {
        "name": "(anonymous_6)",
        "decl": {
          "start": {
            "line": 176,
            "column": 27
          },
          "end": {
            "line": 176,
            "column": 28
          }
        },
        "loc": {
          "start": {
            "line": 176,
            "column": 44
          },
          "end": {
            "line": 182,
            "column": 5
          }
        },
        "line": 176
      }
    },
    "branchMap": {
      "0": {
        "loc": {
          "start": {
            "line": 5,
            "column": 0
          },
          "end": {
            "line": 15,
            "column": 1
          }
        },
        "type": "if",
        "locations": [
          {
            "start": {
              "line": 5,
              "column": 0
            },
            "end": {
              "line": 15,
              "column": 1
            }
          },
          {
            "start": {},
            "end": {}
          }
        ],
        "line": 5
      },
      "1": {
        "loc": {
          "start": {
            "line": 6,
            "column": 2
          },
          "end": {
            "line": 8,
            "column": 3
          }
        },
        "type": "if",
        "locations": [
          {
            "start": {
              "line": 6,
              "column": 2
            },
            "end": {
              "line": 8,
              "column": 3
            }
          },
          {
            "start": {},
            "end": {}
          }
        ],
        "line": 6
      },
      "2": {
        "loc": {
          "start": {
            "line": 101,
            "column": 6
          },
          "end": {
            "line": 116,
            "column": 14
          }
        },
        "type": "binary-expr",
        "locations": [
          {
            "start": {
              "line": 101,
              "column": 6
            },
            "end": {
              "line": 101,
              "column": 15
            }
          },
          {
            "start": {
              "line": 101,
              "column": 35
            },
            "end": {
              "line": 116,
              "column": 14
            }
          }
        ],
        "line": 101
      },
      "3": {
        "loc": {
          "start": {
            "line": 138,
            "column": 83
          },
          "end": {
            "line": 138,
            "column": 133
          }
        },
        "type": "cond-expr",
        "locations": [
          {
            "start": {
              "line": 138,
              "column": 111
            },
            "end": {
              "line": 138,
              "column": 121
            }
          },
          {
            "start": {
              "line": 138,
              "column": 124
            },
            "end": {
              "line": 138,
              "column": 133
            }
          }
        ],
        "line": 138
      },
      "4": {
        "loc": {
          "start": {
            "line": 168,
            "column": 0
          },
          "end": {
            "line": 184,
            "column": 1
          }
        },
        "type": "if",
        "locations": [
          {
            "start": {
              "line": 168,
              "column": 0
            },
            "end": {
              "line": 184,
              "column": 1
            }
          },
          {
            "start": {},
            "end": {}
          }
        ],
        "line": 168
      },
      "5": {
        "loc": {
          "start": {
            "line": 177,
            "column": 6
          },
          "end": {
            "line": 178,
            "column": 15
          }
        },
        "type": "if",
        "locations": [
          {
            "start": {
              "line": 177,
              "column": 6
            },
            "end": {
              "line": 178,
              "column": 15
            }
          },
          {
            "start": {},
            "end": {}
          }
        ],
        "line": 177
      },
      "6": {
        "loc": {
          "start": {
            "line": 180,
            "column": 6
          },
          "end": {
            "line": 181,
            "column": 54
          }
        },
        "type": "if",
        "locations": [
          {
            "start": {
              "line": 180,
              "column": 6
            },
            "end": {
              "line": 181,
              "column": 54
            }
          },
          {
            "start": {},
            "end": {}
          }
        ],
        "line": 180
      }
    },
    "s": {
      "0": 2,
      "1": 2,
      "2": 0,
      "3": 2,
      "4": 2,
      "5": 2,
      "6": 2,
      "7": 2,
      "8": 2,
      "9": 0,
      "10": 0,
      "11": 0,
      "12": 0,
      "13": 0,
      "14": 0,
      "15": 0,
      "16": 0,
      "17": 2,
      "18": 2,
      "19": 2,
      "20": 2,
      "21": 2,
      "22": 2,
      "23": 2,
      "24": 2,
      "25": 0,
      "26": 0,
      "27": 0,
      "28": 0,
      "29": 0
    },
    "f": {
      "0": 2,
      "1": 0,
      "2": 0,
      "3": 0,
      "4": 0,
      "5": 2,
      "6": 0
    },
    "b": {
      "0": [
        2,
        0
      ],
      "1": [
        0,
        2
      ],
      "2": [
        0,
        0
      ],
      "3": [
        0,
        0
      ],
      "4": [
        2,
        0
      ],
      "5": [
        0,
        0
      ],
      "6": [
        0,
        0
      ]
    },
    "inputSourceMap": {
      "version": 3,
      "mappings": "AAkBQ;AAlBR,OAAOA,oBAAkB;AAAA;AAAA;AAAA;AAAA;AAAA;AAAA;AAAA;AAAA;AAAA;AAAA;AAAA;AAAA;AAAA;AACzB,OAAOC,YAAY;AAGnB,MAAMC,QAA0CA,CAAC;AAAA,EAAEC;AAAAA,EAAOC;AAAK,MAAM;AACnE,QAAMC,kBAAkBA,CAACC,UAAwD;AAC/EA,UAAMD,gBAAe;AAAA,EACvB;AACA,QAAME,iBAAgC;AAEtCH,OAAKI,QAAQC,QAASD,aAAY;AAChC,UAAME,MAAMF,QAAQG,MAAM,GAAG;AAC7BJ,mBAAeK,KAAKF,IAAIA,IAAIG,SAAS,CAAC,CAAC;AAAA,EACzC,CAAC;AAED,SACE,uBAAC,SAAI,WAAWZ,OAAOa,cAAc,SAASX,OAAO,eAAY,SAC/D,iCAAC,SAAI,WAAWF,OAAOc,YAAY,SAASV,iBAC1C;AAAA,2BAAC,SAAI,WAAWJ,OAAOe,WAAW,KAAI,sBAAqB,KAAI,UAA/D;AAAA;AAAA;AAAA;AAAA,WAAsE;AAAA,IACtE,uBAAC,YAAO,WAAWf,OAAOgB,eAAe,SAASd,OAAO,eAAY,cAAa,iBAAlF;AAAA;AAAA;AAAA;AAAA,WAEA;AAAA,IACA,uBAAC,SAAI,WAAWF,OAAOiB,iBACrB,iCAAC,SAAI,WAAWjB,OAAOkB,UAAU,KAAKf,KAAKgB,SAA3C;AAAA;AAAA;AAAA;AAAA,WAAkD,KADpD;AAAA;AAAA;AAAA;AAAA,WAEA;AAAA,IAEA,uBAAC,SAAI,WAAWnB,OAAOoB,eACrB;AAAA,6BAAC,QAAG,WAAWpB,OAAOqB,WAAYlB,eAAKmB,QAAvC;AAAA;AAAA;AAAA;AAAA,aAA4C;AAAA,MAC5C,uBAAC,QAAG,WAAWtB,OAAOuB,aAAa;AAAA;AAAA,QAASpB,KAAKqB;AAAAA,WAAjD;AAAA;AAAA;AAAA;AAAA,aAAwD;AAAA,SAF1D;AAAA;AAAA;AAAA;AAAA,WAGA;AAAA,IAEA,uBAAC,QAAG,WAAWxB,OAAOyB,cACpB;AAAA,6BAAC,QAAG,WAAY,GAAEzB,OAAO0B,mBAAmB1B,OAAO2B,sBACjD;AAAA,+BAAC,UAAK,WAAW3B,OAAO4B,iBAAiB,yBAAzC;AAAA;AAAA;AAAA;AAAA,eAAkD;AAAA,QAClD,uBAAC,UAAK,WAAW5B,OAAO6B,kBAAmB1B,eAAK2B,SAASR,QAAzD;AAAA;AAAA;AAAA;AAAA,eAA8D;AAAA,WAFhE;AAAA;AAAA;AAAA;AAAA,aAGA;AAAA,MAEA,uBAAC,QAAG,WAAWtB,OAAO0B,iBACpB;AAAA,+BAAC,UAAK,WAAW1B,OAAO+B,gBAAgB,wBAAxC;AAAA;AAAA;AAAA;AAAA,eAAgD;AAAA,QAChD,uBAAC,UAAK,WAAW/B,OAAO6B,kBAAmB1B,eAAK6B,WAAhD;AAAA;AAAA;AAAA;AAAA,eAAwD;AAAA,WAF1D;AAAA;AAAA;AAAA;AAAA,aAGA;AAAA,MAEC7B,KAAK8B,QACJ,uBAAC,QAAG,WAAWjC,OAAO0B,iBACpB;AAAA,+BAAC,UAAK,WAAW1B,OAAO+B,gBAAgB,qBAAxC;AAAA;AAAA;AAAA;AAAA,eAA6C;AAAA,QAC7C,uBAAC,UAAK,WAAW/B,OAAO6B,kBAAmB1B,eAAK8B,QAAhD;AAAA;AAAA;AAAA;AAAA,eAAqD;AAAA,WAFvD;AAAA;AAAA;AAAA;AAAA,aAGA;AAAA,MAGF,uBAAC,QAAG,WAAWjC,OAAO0B,iBACpB;AAAA,+BAAC,UAAK,WAAW1B,OAAO4B,iBAAiB,uBAAzC;AAAA;AAAA;AAAA;AAAA,eAAgD;AAAA,QAChD,uBAAC,UAAK,WAAW5B,OAAO6B,kBAAmB1B,eAAK+B,UAAhD;AAAA;AAAA;AAAA;AAAA,eAAuD;AAAA,WAFzD;AAAA;AAAA;AAAA;AAAA,aAGA;AAAA,SArBF;AAAA;AAAA;AAAA;AAAA,WAsBA;AAAA,IACA,uBAAC,QAAG,WAAWlC,OAAOmC,oBACnB7B,yBAAeM,SAAS,IAAI,aAAa,aAD5C;AAAA;AAAA;AAAA;AAAA,WAEA;AAAA,IACA,uBAAC,SAAI,WAAWZ,OAAOoC,sBACpB9B,yBAAe+B,IAAK9B,aAAY;AAC/B,aACE,uBAAC,UAAmB,WAAWP,OAAOsC,cACnC/B,qBADQA,SAAX;AAAA;AAAA;AAAA;AAAA,aAEA;AAAA,IAEJ,CAAC,KAPH;AAAA;AAAA;AAAA;AAAA,WAQA;AAAA,OAhDF;AAAA;AAAA;AAAA;AAAA,SAiDA,KAlDF;AAAA;AAAA;AAAA;AAAA,SAmDA;AAEJ;AAAEgC,KAjEItC;AAmEN,eAAeA;AAAM;AAAAuC",
      "names": [
        "React",
        "styles",
        "Modal",
        "close",
        "data",
        "stopPropagation",
        "event",
        "episodsNumbers",
        "episode",
        "forEach",
        "arr",
        "split",
        "push",
        "length",
        "modalWrapper",
        "modalInner",
        "modalClip",
        "modalCloseBtn",
        "modalImgWrapper",
        "modalImg",
        "image",
        "modalMainInfo",
        "modalName",
        "name",
        "modalStatus",
        "status",
        "modalDetails",
        "modalDetailItem",
        "cardDetailLocation",
        "modalDetailName",
        "modalDetailValue",
        "location",
        "modalDetailNam",
        "species",
        "type",
        "gender",
        "modalEpisodesTitle",
        "modalEpisodesWrapper",
        "map",
        "modalEpisode",
        "_c",
        "$RefreshReg$"
      ],
      "sources": [
        "D:/1Программирование/RS School/2react-rsschool/src/components/Modal.tsx"
      ],
      "file": "D:/1Программирование/RS School/2react-rsschool/src/components/Modal.tsx"
    },
    "_coverageSchema": "1a1c01bbd47fc00a2c39e90264f33305004495a9",
    "hash": "ba2efc5305744f5fd4007395c869ed1518c1c136"
  },
  "D:/1Программирование/RS School/2react-rsschool/src/components/Card.tsx": {
    "path": "D:/1Программирование/RS School/2react-rsschool/src/components/Card.tsx",
    "statementMap": {
      "0": {
        "start": {
          "line": 5,
          "column": 0
        },
        "end": {
          "line": 15,
          "column": 1
        }
      },
      "1": {
        "start": {
          "line": 6,
          "column": 2
        },
        "end": {
          "line": 8,
          "column": 3
        }
      },
      "2": {
        "start": {
          "line": 7,
          "column": 4
        },
        "end": {
          "line": 7,
          "column": 165
        }
      },
      "3": {
        "start": {
          "line": 9,
          "column": 2
        },
        "end": {
          "line": 9,
          "column": 39
        }
      },
      "4": {
        "start": {
          "line": 10,
          "column": 2
        },
        "end": {
          "line": 10,
          "column": 39
        }
      },
      "5": {
        "start": {
          "line": 11,
          "column": 2
        },
        "end": {
          "line": 13,
          "column": 4
        }
      },
      "6": {
        "start": {
          "line": 12,
          "column": 4
        },
        "end": {
          "line": 12,
          "column": 114
        }
      },
      "7": {
        "start": {
          "line": 14,
          "column": 2
        },
        "end": {
          "line": 14,
          "column": 75
        }
      },
      "8": {
        "start": {
          "line": 16,
          "column": 9
        },
        "end": {
          "line": 16,
          "column": 23
        }
      },
      "9": {
        "start": {
          "line": 20,
          "column": 13
        },
        "end": {
          "line": 69,
          "column": 1
        }
      },
      "10": {
        "start": {
          "line": 23,
          "column": 2
        },
        "end": {
          "line": 23,
          "column": 7
        }
      },
      "11": {
        "start": {
          "line": 24,
          "column": 36
        },
        "end": {
          "line": 24,
          "column": 51
        }
      },
      "12": {
        "start": {
          "line": 25,
          "column": 26
        },
        "end": {
          "line": 27,
          "column": 3
        }
      },
      "13": {
        "start": {
          "line": 26,
          "column": 4
        },
        "end": {
          "line": 26,
          "column": 23
        }
      },
      "14": {
        "start": {
          "line": 28,
          "column": 27
        },
        "end": {
          "line": 30,
          "column": 3
        }
      },
      "15": {
        "start": {
          "line": 29,
          "column": 4
        },
        "end": {
          "line": 29,
          "column": 24
        }
      },
      "16": {
        "start": {
          "line": 31,
          "column": 2
        },
        "end": {
          "line": 68,
          "column": 11
        }
      },
      "17": {
        "start": {
          "line": 70,
          "column": 0
        },
        "end": {
          "line": 70,
          "column": 41
        }
      },
      "18": {
        "start": {
          "line": 71,
          "column": 0
        },
        "end": {
          "line": 71,
          "column": 10
        }
      },
      "19": {
        "start": {
          "line": 74,
          "column": 0
        },
        "end": {
          "line": 74,
          "column": 25
        }
      },
      "20": {
        "start": {
          "line": 75,
          "column": 0
        },
        "end": {
          "line": 91,
          "column": 1
        }
      },
      "21": {
        "start": {
          "line": 76,
          "column": 2
        },
        "end": {
          "line": 76,
          "column": 39
        }
      },
      "22": {
        "start": {
          "line": 77,
          "column": 2
        },
        "end": {
          "line": 77,
          "column": 39
        }
      },
      "23": {
        "start": {
          "line": 78,
          "column": 2
        },
        "end": {
          "line": 90,
          "column": 5
        }
      },
      "24": {
        "start": {
          "line": 82,
          "column": 4
        },
        "end": {
          "line": 82,
          "column": 140
        }
      },
      "25": {
        "start": {
          "line": 83,
          "column": 4
        },
        "end": {
          "line": 89,
          "column": 7
        }
      },
      "26": {
        "start": {
          "line": 84,
          "column": 6
        },
        "end": {
          "line": 85,
          "column": 15
        }
      },
      "27": {
        "start": {
          "line": 85,
          "column": 8
        },
        "end": {
          "line": 85,
          "column": 15
        }
      },
      "28": {
        "start": {
          "line": 86,
          "column": 32
        },
        "end": {
          "line": 86,
          "column": 115
        }
      },
      "29": {
        "start": {
          "line": 87,
          "column": 6
        },
        "end": {
          "line": 88,
          "column": 54
        }
      },
      "30": {
        "start": {
          "line": 88,
          "column": 8
        },
        "end": {
          "line": 88,
          "column": 54
        }
      }
    },
    "fnMap": {
      "0": {
        "name": "(anonymous_0)",
        "decl": {
          "start": {
            "line": 11,
            "column": 24
          },
          "end": {
            "line": 11,
            "column": 25
          }
        },
        "loc": {
          "start": {
            "line": 11,
            "column": 38
          },
          "end": {
            "line": 13,
            "column": 3
          }
        },
        "line": 11
      },
      "1": {
        "name": "(anonymous_1)",
        "decl": {
          "start": {
            "line": 20,
            "column": 13
          },
          "end": {
            "line": 20,
            "column": 14
          }
        },
        "loc": {
          "start": {
            "line": 22,
            "column": 6
          },
          "end": {
            "line": 69,
            "column": 1
          }
        },
        "line": 22
      },
      "2": {
        "name": "(anonymous_2)",
        "decl": {
          "start": {
            "line": 25,
            "column": 26
          },
          "end": {
            "line": 25,
            "column": 27
          }
        },
        "loc": {
          "start": {
            "line": 25,
            "column": 32
          },
          "end": {
            "line": 27,
            "column": 3
          }
        },
        "line": 25
      },
      "3": {
        "name": "(anonymous_3)",
        "decl": {
          "start": {
            "line": 28,
            "column": 27
          },
          "end": {
            "line": 28,
            "column": 28
          }
        },
        "loc": {
          "start": {
            "line": 28,
            "column": 33
          },
          "end": {
            "line": 30,
            "column": 3
          }
        },
        "line": 28
      },
      "4": {
        "name": "(anonymous_4)",
        "decl": {
          "start": {
            "line": 81,
            "column": 9
          },
          "end": {
            "line": 81,
            "column": 10
          }
        },
        "loc": {
          "start": {
            "line": 81,
            "column": 29
          },
          "end": {
            "line": 90,
            "column": 3
          }
        },
        "line": 81
      },
      "5": {
        "name": "(anonymous_5)",
        "decl": {
          "start": {
            "line": 83,
            "column": 27
          },
          "end": {
            "line": 83,
            "column": 28
          }
        },
        "loc": {
          "start": {
            "line": 83,
            "column": 44
          },
          "end": {
            "line": 89,
            "column": 5
          }
        },
        "line": 83
      }
    },
    "branchMap": {
      "0": {
        "loc": {
          "start": {
            "line": 5,
            "column": 0
          },
          "end": {
            "line": 15,
            "column": 1
          }
        },
        "type": "if",
        "locations": [
          {
            "start": {
              "line": 5,
              "column": 0
            },
            "end": {
              "line": 15,
              "column": 1
            }
          },
          {
            "start": {},
            "end": {}
          }
        ],
        "line": 5
      },
      "1": {
        "loc": {
          "start": {
            "line": 6,
            "column": 2
          },
          "end": {
            "line": 8,
            "column": 3
          }
        },
        "type": "if",
        "locations": [
          {
            "start": {
              "line": 6,
              "column": 2
            },
            "end": {
              "line": 8,
              "column": 3
            }
          },
          {
            "start": {},
            "end": {}
          }
        ],
        "line": 6
      },
      "2": {
        "loc": {
          "start": {
            "line": 59,
            "column": 4
          },
          "end": {
            "line": 63,
            "column": 12
          }
        },
        "type": "binary-expr",
        "locations": [
          {
            "start": {
              "line": 59,
              "column": 4
            },
            "end": {
              "line": 59,
              "column": 13
            }
          },
          {
            "start": {
              "line": 59,
              "column": 33
            },
            "end": {
              "line": 63,
              "column": 12
            }
          }
        ],
        "line": 59
      },
      "3": {
        "loc": {
          "start": {
            "line": 75,
            "column": 0
          },
          "end": {
            "line": 91,
            "column": 1
          }
        },
        "type": "if",
        "locations": [
          {
            "start": {
              "line": 75,
              "column": 0
            },
            "end": {
              "line": 91,
              "column": 1
            }
          },
          {
            "start": {},
            "end": {}
          }
        ],
        "line": 75
      },
      "4": {
        "loc": {
          "start": {
            "line": 84,
            "column": 6
          },
          "end": {
            "line": 85,
            "column": 15
          }
        },
        "type": "if",
        "locations": [
          {
            "start": {
              "line": 84,
              "column": 6
            },
            "end": {
              "line": 85,
              "column": 15
            }
          },
          {
            "start": {},
            "end": {}
          }
        ],
        "line": 84
      },
      "5": {
        "loc": {
          "start": {
            "line": 87,
            "column": 6
          },
          "end": {
            "line": 88,
            "column": 54
          }
        },
        "type": "if",
        "locations": [
          {
            "start": {
              "line": 87,
              "column": 6
            },
            "end": {
              "line": 88,
              "column": 54
            }
          },
          {
            "start": {},
            "end": {}
          }
        ],
        "line": 87
      }
    },
    "s": {
      "0": 2,
      "1": 2,
      "2": 0,
      "3": 2,
      "4": 2,
      "5": 2,
      "6": 2,
      "7": 2,
      "8": 2,
      "9": 2,
      "10": 80,
      "11": 80,
      "12": 80,
      "13": 0,
      "14": 80,
      "15": 0,
      "16": 80,
      "17": 2,
      "18": 2,
      "19": 2,
      "20": 2,
      "21": 2,
      "22": 2,
      "23": 2,
      "24": 2,
      "25": 2,
      "26": 0,
      "27": 0,
      "28": 0,
      "29": 0,
      "30": 0
    },
    "f": {
      "0": 2,
      "1": 80,
      "2": 0,
      "3": 0,
      "4": 2,
      "5": 0
    },
    "b": {
      "0": [
        2,
        0
      ],
      "1": [
        0,
        2
      ],
      "2": [
        80,
        0
      ],
      "3": [
        2,
        0
      ],
      "4": [
        0,
        0
      ],
      "5": [
        0,
        0
      ]
    },
    "inputSourceMap": {
      "version": 3,
      "mappings": "AAiBI,mBAGM,cAHN;;;;;;;;;;;;;;;;AAjBJ,SAASA,gBAAgB;AACzB,OAAOC,WAAW;AAClB,OAAOC,YAAY;AAGnB,MAAMC,OAAOA,CAAC;AAAA,EAAEC;AAAgB,MAAM;AAAAC;AACpC,QAAM,CAACC,WAAWC,YAAY,IAAIP,SAAS,KAAK;AAEhD,QAAMQ,kBAAkBA,MAAM;AAC5BD,iBAAa,IAAI;AAAA,EACnB;AAEA,QAAME,mBAAmBA,MAAM;AAC7BF,iBAAa,KAAK;AAAA,EACpB;AAEA,SACE,mCACE;AAAA,2BAAC,SAAI,WAAWL,OAAOQ,MAAM,SAASF,iBACpC;AAAA,6BAAC,SAAI,WAAWN,OAAOS,gBACrB;AAAA,+BAAC,SAAI,WAAWT,OAAOU,SAAS,KAAKR,KAAKS,OAAO,KAAKT,KAAKU,QAA3D;AAAA;AAAA;AAAA;AAAA,eAAgE;AAAA,QAChE,uBAAC,UAAK,WAAWZ,OAAOa,YAAaX,eAAKY,UAA1C;AAAA;AAAA;AAAA;AAAA,eAAiD;AAAA,WAFnD;AAAA;AAAA;AAAA;AAAA,aAGA;AAAA,MACA,uBAAC,OAAE,WAAWd,OAAOe,UAAWb,eAAKU,QAArC;AAAA;AAAA;AAAA;AAAA,aAA0C;AAAA,SAL5C;AAAA;AAAA;AAAA;AAAA,WAMA;AAAA,IACCR,aAAa,uBAAC,SAAM,OAAOG,kBAAkB,QAAhC;AAAA;AAAA;AAAA;AAAA,WAA2C;AAAA,OAR3D;AAAA;AAAA;AAAA;AAAA,SASA;AAEJ;AAAEJ,GAvBIF,MAAI;AAAAe,KAAJf;AAyBN,eAAeA;AAAK;AAAAgB",
      "names": [
        "useState",
        "Modal",
        "styles",
        "Card",
        "data",
        "_s",
        "showModal",
        "setShowModal",
        "handleCardClick",
        "handleCloseModal",
        "card",
        "cardImgWrapper",
        "cardImg",
        "image",
        "name",
        "cardStatus",
        "status",
        "cardName",
        "_c",
        "$RefreshReg$"
      ],
      "sources": [
        "D:/1Программирование/RS School/2react-rsschool/src/components/Card.tsx"
      ],
      "file": "D:/1Программирование/RS School/2react-rsschool/src/components/Card.tsx"
    },
    "_coverageSchema": "1a1c01bbd47fc00a2c39e90264f33305004495a9",
    "hash": "01c00ff9aabdda65e269a1febf11f62c09169c70"
  },
  "D:/1Программирование/RS School/2react-rsschool/src/components/Footer.tsx": {
    "path": "D:/1Программирование/RS School/2react-rsschool/src/components/Footer.tsx",
    "statementMap": {
      "0": {
        "start": {
          "line": 5,
          "column": 0
        },
        "end": {
          "line": 15,
          "column": 1
        }
      },
      "1": {
        "start": {
          "line": 6,
          "column": 2
        },
        "end": {
          "line": 8,
          "column": 3
        }
      },
      "2": {
        "start": {
          "line": 7,
          "column": 4
        },
        "end": {
          "line": 7,
          "column": 165
        }
      },
      "3": {
        "start": {
          "line": 9,
          "column": 2
        },
        "end": {
          "line": 9,
          "column": 39
        }
      },
      "4": {
        "start": {
          "line": 10,
          "column": 2
        },
        "end": {
          "line": 10,
          "column": 39
        }
      },
      "5": {
        "start": {
          "line": 11,
          "column": 2
        },
        "end": {
          "line": 13,
          "column": 4
        }
      },
      "6": {
        "start": {
          "line": 12,
          "column": 4
        },
        "end": {
          "line": 12,
          "column": 116
        }
      },
      "7": {
        "start": {
          "line": 14,
          "column": 2
        },
        "end": {
          "line": 14,
          "column": 75
        }
      },
      "8": {
        "start": {
          "line": 17,
          "column": 15
        },
        "end": {
          "line": 35,
          "column": 1
        }
      },
      "9": {
        "start": {
          "line": 18,
          "column": 2
        },
        "end": {
          "line": 34,
          "column": 11
        }
      },
      "10": {
        "start": {
          "line": 36,
          "column": 0
        },
        "end": {
          "line": 36,
          "column": 12
        }
      },
      "11": {
        "start": {
          "line": 39,
          "column": 0
        },
        "end": {
          "line": 39,
          "column": 27
        }
      },
      "12": {
        "start": {
          "line": 40,
          "column": 0
        },
        "end": {
          "line": 56,
          "column": 1
        }
      },
      "13": {
        "start": {
          "line": 41,
          "column": 2
        },
        "end": {
          "line": 41,
          "column": 39
        }
      },
      "14": {
        "start": {
          "line": 42,
          "column": 2
        },
        "end": {
          "line": 42,
          "column": 39
        }
      },
      "15": {
        "start": {
          "line": 43,
          "column": 2
        },
        "end": {
          "line": 55,
          "column": 5
        }
      },
      "16": {
        "start": {
          "line": 47,
          "column": 4
        },
        "end": {
          "line": 47,
          "column": 142
        }
      },
      "17": {
        "start": {
          "line": 48,
          "column": 4
        },
        "end": {
          "line": 54,
          "column": 7
        }
      },
      "18": {
        "start": {
          "line": 49,
          "column": 6
        },
        "end": {
          "line": 50,
          "column": 15
        }
      },
      "19": {
        "start": {
          "line": 50,
          "column": 8
        },
        "end": {
          "line": 50,
          "column": 15
        }
      },
      "20": {
        "start": {
          "line": 51,
          "column": 32
        },
        "end": {
          "line": 51,
          "column": 115
        }
      },
      "21": {
        "start": {
          "line": 52,
          "column": 6
        },
        "end": {
          "line": 53,
          "column": 54
        }
      },
      "22": {
        "start": {
          "line": 53,
          "column": 8
        },
        "end": {
          "line": 53,
          "column": 54
        }
      }
    },
    "fnMap": {
      "0": {
        "name": "(anonymous_0)",
        "decl": {
          "start": {
            "line": 11,
            "column": 24
          },
          "end": {
            "line": 11,
            "column": 25
          }
        },
        "loc": {
          "start": {
            "line": 11,
            "column": 38
          },
          "end": {
            "line": 13,
            "column": 3
          }
        },
        "line": 11
      },
      "1": {
        "name": "(anonymous_1)",
        "decl": {
          "start": {
            "line": 17,
            "column": 15
          },
          "end": {
            "line": 17,
            "column": 16
          }
        },
        "loc": {
          "start": {
            "line": 17,
            "column": 21
          },
          "end": {
            "line": 35,
            "column": 1
          }
        },
        "line": 17
      },
      "2": {
        "name": "(anonymous_2)",
        "decl": {
          "start": {
            "line": 46,
            "column": 9
          },
          "end": {
            "line": 46,
            "column": 10
          }
        },
        "loc": {
          "start": {
            "line": 46,
            "column": 29
          },
          "end": {
            "line": 55,
            "column": 3
          }
        },
        "line": 46
      },
      "3": {
        "name": "(anonymous_3)",
        "decl": {
          "start": {
            "line": 48,
            "column": 27
          },
          "end": {
            "line": 48,
            "column": 28
          }
        },
        "loc": {
          "start": {
            "line": 48,
            "column": 44
          },
          "end": {
            "line": 54,
            "column": 5
          }
        },
        "line": 48
      }
    },
    "branchMap": {
      "0": {
        "loc": {
          "start": {
            "line": 5,
            "column": 0
          },
          "end": {
            "line": 15,
            "column": 1
          }
        },
        "type": "if",
        "locations": [
          {
            "start": {
              "line": 5,
              "column": 0
            },
            "end": {
              "line": 15,
              "column": 1
            }
          },
          {
            "start": {},
            "end": {}
          }
        ],
        "line": 5
      },
      "1": {
        "loc": {
          "start": {
            "line": 6,
            "column": 2
          },
          "end": {
            "line": 8,
            "column": 3
          }
        },
        "type": "if",
        "locations": [
          {
            "start": {
              "line": 6,
              "column": 2
            },
            "end": {
              "line": 8,
              "column": 3
            }
          },
          {
            "start": {},
            "end": {}
          }
        ],
        "line": 6
      },
      "2": {
        "loc": {
          "start": {
            "line": 40,
            "column": 0
          },
          "end": {
            "line": 56,
            "column": 1
          }
        },
        "type": "if",
        "locations": [
          {
            "start": {
              "line": 40,
              "column": 0
            },
            "end": {
              "line": 56,
              "column": 1
            }
          },
          {
            "start": {},
            "end": {}
          }
        ],
        "line": 40
      },
      "3": {
        "loc": {
          "start": {
            "line": 49,
            "column": 6
          },
          "end": {
            "line": 50,
            "column": 15
          }
        },
        "type": "if",
        "locations": [
          {
            "start": {
              "line": 49,
              "column": 6
            },
            "end": {
              "line": 50,
              "column": 15
            }
          },
          {
            "start": {},
            "end": {}
          }
        ],
        "line": 49
      },
      "4": {
        "loc": {
          "start": {
            "line": 52,
            "column": 6
          },
          "end": {
            "line": 53,
            "column": 54
          }
        },
        "type": "if",
        "locations": [
          {
            "start": {
              "line": 52,
              "column": 6
            },
            "end": {
              "line": 53,
              "column": 54
            }
          },
          {
            "start": {},
            "end": {}
          }
        ],
        "line": 52
      }
    },
    "s": {
      "0": 2,
      "1": 2,
      "2": 0,
      "3": 2,
      "4": 2,
      "5": 2,
      "6": 2,
      "7": 2,
      "8": 2,
      "9": 4,
      "10": 2,
      "11": 2,
      "12": 2,
      "13": 2,
      "14": 2,
      "15": 2,
      "16": 2,
      "17": 2,
      "18": 0,
      "19": 0,
      "20": 0,
      "21": 0,
      "22": 0
    },
    "f": {
      "0": 2,
      "1": 4,
      "2": 2,
      "3": 0
    },
    "b": {
      "0": [
        2,
        0
      ],
      "1": [
        0,
        2
      ],
      "2": [
        2,
        0
      ],
      "3": [
        0,
        0
      ],
      "4": [
        0,
        0
      ]
    },
    "inputSourceMap": {
      "version": 3,
      "mappings": "AAaU;AAbV,OAAOA,oBAAY;AAAA,IAA6B;AAAA;AAAA;AAAA;AAAA;AAAA;AAAA;AAAA;AAAA;AAAA;AAAA;AAAA;AAAA;AAAA;AAEhD,MAAMC,SAASA,MAAM;AACnB,SACE,uBAAC,YAAO,WAAWD,OAAOE,QACxB,iCAAC,OAAE,WAAWF,OAAOG,YAAY,MAAK,mCAAkC,gBAAa,QACnF,iCAAC,SACC,OAAM,MACN,QAAO,MACP,SAAQ,iBACR,MAAK,QACL,OAAM,8BAEN,iCAAC,UACC,UAAS,WACT,UAAS,WACT,GAAE,mwBACF,WAAU,aACV,MAAK,YALP;AAAA;AAAA;AAAA;AAAA,SAKe,KAZjB;AAAA;AAAA;AAAA;AAAA,SAcA,KAfF;AAAA;AAAA;AAAA;AAAA,SAgBA,KAjBF;AAAA;AAAA;AAAA;AAAA,SAkBA;AAEJ;AAAEC,KAtBIH;AAwBN,eAAeA;AAAO;AAAAI",
      "names": [
        "styles",
        "Footer",
        "footer",
        "githubLink",
        "_c",
        "$RefreshReg$"
      ],
      "sources": [
        "D:/1Программирование/RS School/2react-rsschool/src/components/Footer.tsx"
      ],
      "file": "D:/1Программирование/RS School/2react-rsschool/src/components/Footer.tsx"
    },
    "_coverageSchema": "1a1c01bbd47fc00a2c39e90264f33305004495a9",
    "hash": "de7a4948526143ab25e7ec9bba649d2afafbcbdb"
  },
  "D:/1Программирование/RS School/2react-rsschool/src/components/Header.tsx": {
    "path": "D:/1Программирование/RS School/2react-rsschool/src/components/Header.tsx",
    "statementMap": {
      "0": {
        "start": {
          "line": 5,
          "column": 0
        },
        "end": {
          "line": 15,
          "column": 1
        }
      },
      "1": {
        "start": {
          "line": 6,
          "column": 2
        },
        "end": {
          "line": 8,
          "column": 3
        }
      },
      "2": {
        "start": {
          "line": 7,
          "column": 4
        },
        "end": {
          "line": 7,
          "column": 165
        }
      },
      "3": {
        "start": {
          "line": 9,
          "column": 2
        },
        "end": {
          "line": 9,
          "column": 39
        }
      },
      "4": {
        "start": {
          "line": 10,
          "column": 2
        },
        "end": {
          "line": 10,
          "column": 39
        }
      },
      "5": {
        "start": {
          "line": 11,
          "column": 2
        },
        "end": {
          "line": 13,
          "column": 4
        }
      },
      "6": {
        "start": {
          "line": 12,
          "column": 4
        },
        "end": {
          "line": 12,
          "column": 116
        }
      },
      "7": {
        "start": {
          "line": 14,
          "column": 2
        },
        "end": {
          "line": 14,
          "column": 75
        }
      },
      "8": {
        "start": {
          "line": 16,
          "column": 9
        },
        "end": {
          "line": 16,
          "column": 23
        }
      },
      "9": {
        "start": {
          "line": 20,
          "column": 15
        },
        "end": {
          "line": 80,
          "column": 1
        }
      },
      "10": {
        "start": {
          "line": 21,
          "column": 2
        },
        "end": {
          "line": 21,
          "column": 7
        }
      },
      "11": {
        "start": {
          "line": 22,
          "column": 34
        },
        "end": {
          "line": 22,
          "column": 46
        }
      },
      "12": {
        "start": {
          "line": 23,
          "column": 19
        },
        "end": {
          "line": 23,
          "column": 32
        }
      },
      "13": {
        "start": {
          "line": 24,
          "column": 2
        },
        "end": {
          "line": 26,
          "column": 17
        }
      },
      "14": {
        "start": {
          "line": 25,
          "column": 4
        },
        "end": {
          "line": 25,
          "column": 35
        }
      },
      "15": {
        "start": {
          "line": 27,
          "column": 29
        },
        "end": {
          "line": 31,
          "column": 3
        }
      },
      "16": {
        "start": {
          "line": 28,
          "column": 19
        },
        "end": {
          "line": 28,
          "column": 31
        }
      },
      "17": {
        "start": {
          "line": 29,
          "column": 22
        },
        "end": {
          "line": 29,
          "column": 56
        }
      },
      "18": {
        "start": {
          "line": 30,
          "column": 4
        },
        "end": {
          "line": 30,
          "column": 27
        }
      },
      "19": {
        "start": {
          "line": 32,
          "column": 2
        },
        "end": {
          "line": 79,
          "column": 11
        }
      },
      "20": {
        "start": {
          "line": 81,
          "column": 0
        },
        "end": {
          "line": 83,
          "column": 3
        }
      },
      "21": {
        "start": {
          "line": 82,
          "column": 2
        },
        "end": {
          "line": 82,
          "column": 23
        }
      },
      "22": {
        "start": {
          "line": 84,
          "column": 0
        },
        "end": {
          "line": 84,
          "column": 12
        }
      },
      "23": {
        "start": {
          "line": 87,
          "column": 0
        },
        "end": {
          "line": 87,
          "column": 27
        }
      },
      "24": {
        "start": {
          "line": 88,
          "column": 0
        },
        "end": {
          "line": 104,
          "column": 1
        }
      },
      "25": {
        "start": {
          "line": 89,
          "column": 2
        },
        "end": {
          "line": 89,
          "column": 39
        }
      },
      "26": {
        "start": {
          "line": 90,
          "column": 2
        },
        "end": {
          "line": 90,
          "column": 39
        }
      },
      "27": {
        "start": {
          "line": 91,
          "column": 2
        },
        "end": {
          "line": 103,
          "column": 5
        }
      },
      "28": {
        "start": {
          "line": 95,
          "column": 4
        },
        "end": {
          "line": 95,
          "column": 142
        }
      },
      "29": {
        "start": {
          "line": 96,
          "column": 4
        },
        "end": {
          "line": 102,
          "column": 7
        }
      },
      "30": {
        "start": {
          "line": 97,
          "column": 6
        },
        "end": {
          "line": 98,
          "column": 15
        }
      },
      "31": {
        "start": {
          "line": 98,
          "column": 8
        },
        "end": {
          "line": 98,
          "column": 15
        }
      },
      "32": {
        "start": {
          "line": 99,
          "column": 32
        },
        "end": {
          "line": 99,
          "column": 115
        }
      },
      "33": {
        "start": {
          "line": 100,
          "column": 6
        },
        "end": {
          "line": 101,
          "column": 54
        }
      },
      "34": {
        "start": {
          "line": 101,
          "column": 8
        },
        "end": {
          "line": 101,
          "column": 54
        }
      }
    },
    "fnMap": {
      "0": {
        "name": "(anonymous_0)",
        "decl": {
          "start": {
            "line": 11,
            "column": 24
          },
          "end": {
            "line": 11,
            "column": 25
          }
        },
        "loc": {
          "start": {
            "line": 11,
            "column": 38
          },
          "end": {
            "line": 13,
            "column": 3
          }
        },
        "line": 11
      },
      "1": {
        "name": "(anonymous_1)",
        "decl": {
          "start": {
            "line": 20,
            "column": 15
          },
          "end": {
            "line": 20,
            "column": 16
          }
        },
        "loc": {
          "start": {
            "line": 20,
            "column": 21
          },
          "end": {
            "line": 80,
            "column": 1
          }
        },
        "line": 20
      },
      "2": {
        "name": "(anonymous_2)",
        "decl": {
          "start": {
            "line": 24,
            "column": 12
          },
          "end": {
            "line": 24,
            "column": 13
          }
        },
        "loc": {
          "start": {
            "line": 24,
            "column": 18
          },
          "end": {
            "line": 26,
            "column": 3
          }
        },
        "line": 24
      },
      "3": {
        "name": "(anonymous_3)",
        "decl": {
          "start": {
            "line": 27,
            "column": 29
          },
          "end": {
            "line": 27,
            "column": 30
          }
        },
        "loc": {
          "start": {
            "line": 27,
            "column": 40
          },
          "end": {
            "line": 31,
            "column": 3
          }
        },
        "line": 27
      },
      "4": {
        "name": "(anonymous_4)",
        "decl": {
          "start": {
            "line": 81,
            "column": 50
          },
          "end": {
            "line": 81,
            "column": 51
          }
        },
        "loc": {
          "start": {
            "line": 81,
            "column": 61
          },
          "end": {
            "line": 83,
            "column": 1
          }
        },
        "line": 81
      },
      "5": {
        "name": "(anonymous_5)",
        "decl": {
          "start": {
            "line": 94,
            "column": 9
          },
          "end": {
            "line": 94,
            "column": 10
          }
        },
        "loc": {
          "start": {
            "line": 94,
            "column": 29
          },
          "end": {
            "line": 103,
            "column": 3
          }
        },
        "line": 94
      },
      "6": {
        "name": "(anonymous_6)",
        "decl": {
          "start": {
            "line": 96,
            "column": 27
          },
          "end": {
            "line": 96,
            "column": 28
          }
        },
        "loc": {
          "start": {
            "line": 96,
            "column": 44
          },
          "end": {
            "line": 102,
            "column": 5
          }
        },
        "line": 96
      }
    },
    "branchMap": {
      "0": {
        "loc": {
          "start": {
            "line": 5,
            "column": 0
          },
          "end": {
            "line": 15,
            "column": 1
          }
        },
        "type": "if",
        "locations": [
          {
            "start": {
              "line": 5,
              "column": 0
            },
            "end": {
              "line": 15,
              "column": 1
            }
          },
          {
            "start": {},
            "end": {}
          }
        ],
        "line": 5
      },
      "1": {
        "loc": {
          "start": {
            "line": 6,
            "column": 2
          },
          "end": {
            "line": 8,
            "column": 3
          }
        },
        "type": "if",
        "locations": [
          {
            "start": {
              "line": 6,
              "column": 2
            },
            "end": {
              "line": 8,
              "column": 3
            }
          },
          {
            "start": {},
            "end": {}
          }
        ],
        "line": 6
      },
      "2": {
        "loc": {
          "start": {
            "line": 29,
            "column": 22
          },
          "end": {
            "line": 29,
            "column": 56
          }
        },
        "type": "binary-expr",
        "locations": [
          {
            "start": {
              "line": 29,
              "column": 22
            },
            "end": {
              "line": 29,
              "column": 49
            }
          },
          {
            "start": {
              "line": 29,
              "column": 53
            },
            "end": {
              "line": 29,
              "column": 56
            }
          }
        ],
        "line": 29
      },
      "3": {
        "loc": {
          "start": {
            "line": 33,
            "column": 77
          },
          "end": {
            "line": 33,
            "column": 217
          }
        },
        "type": "cond-expr",
        "locations": [
          {
            "start": {
              "line": 33,
              "column": 115
            },
            "end": {
              "line": 33,
              "column": 126
            }
          },
          {
            "start": {
              "line": 33,
              "column": 129
            },
            "end": {
              "line": 33,
              "column": 217
            }
          }
        ],
        "line": 33
      },
      "4": {
        "loc": {
          "start": {
            "line": 33,
            "column": 77
          },
          "end": {
            "line": 33,
            "column": 112
          }
        },
        "type": "binary-expr",
        "locations": [
          {
            "start": {
              "line": 33,
              "column": 77
            },
            "end": {
              "line": 33,
              "column": 93
            }
          },
          {
            "start": {
              "line": 33,
              "column": 97
            },
            "end": {
              "line": 33,
              "column": 112
            }
          }
        ],
        "line": 33
      },
      "5": {
        "loc": {
          "start": {
            "line": 33,
            "column": 129
          },
          "end": {
            "line": 33,
            "column": 217
          }
        },
        "type": "cond-expr",
        "locations": [
          {
            "start": {
              "line": 33,
              "column": 153
            },
            "end": {
              "line": 33,
              "column": 165
            }
          },
          {
            "start": {
              "line": 33,
              "column": 168
            },
            "end": {
              "line": 33,
              "column": 217
            }
          }
        ],
        "line": 33
      },
      "6": {
        "loc": {
          "start": {
            "line": 33,
            "column": 168
          },
          "end": {
            "line": 33,
            "column": 217
          }
        },
        "type": "cond-expr",
        "locations": [
          {
            "start": {
              "line": 33,
              "column": 191
            },
            "end": {
              "line": 33,
              "column": 202
            }
          },
          {
            "start": {
              "line": 33,
              "column": 205
            },
            "end": {
              "line": 33,
              "column": 217
            }
          }
        ],
        "line": 33
      },
      "7": {
        "loc": {
          "start": {
            "line": 39,
            "column": 136
          },
          "end": {
            "line": 39,
            "column": 170
          }
        },
        "type": "cond-expr",
        "locations": [
          {
            "start": {
              "line": 39,
              "column": 155
            },
            "end": {
              "line": 39,
              "column": 161
            }
          },
          {
            "start": {
              "line": 39,
              "column": 164
            },
            "end": {
              "line": 39,
              "column": 170
            }
          }
        ],
        "line": 39
      },
      "8": {
        "loc": {
          "start": {
            "line": 88,
            "column": 0
          },
          "end": {
            "line": 104,
            "column": 1
          }
        },
        "type": "if",
        "locations": [
          {
            "start": {
              "line": 88,
              "column": 0
            },
            "end": {
              "line": 104,
              "column": 1
            }
          },
          {
            "start": {},
            "end": {}
          }
        ],
        "line": 88
      },
      "9": {
        "loc": {
          "start": {
            "line": 97,
            "column": 6
          },
          "end": {
            "line": 98,
            "column": 15
          }
        },
        "type": "if",
        "locations": [
          {
            "start": {
              "line": 97,
              "column": 6
            },
            "end": {
              "line": 98,
              "column": 15
            }
          },
          {
            "start": {},
            "end": {}
          }
        ],
        "line": 97
      },
      "10": {
        "loc": {
          "start": {
            "line": 100,
            "column": 6
          },
          "end": {
            "line": 101,
            "column": 54
          }
        },
        "type": "if",
        "locations": [
          {
            "start": {
              "line": 100,
              "column": 6
            },
            "end": {
              "line": 101,
              "column": 54
            }
          },
          {
            "start": {},
            "end": {}
          }
        ],
        "line": 100
      }
    },
    "s": {
      "0": 2,
      "1": 2,
      "2": 0,
      "3": 2,
      "4": 2,
      "5": 2,
      "6": 2,
      "7": 2,
      "8": 2,
      "9": 2,
      "10": 8,
      "11": 8,
      "12": 8,
      "13": 8,
      "14": 4,
      "15": 8,
      "16": 0,
      "17": 0,
      "18": 0,
      "19": 8,
      "20": 2,
      "21": 2,
      "22": 2,
      "23": 2,
      "24": 2,
      "25": 2,
      "26": 2,
      "27": 2,
      "28": 2,
      "29": 2,
      "30": 0,
      "31": 0,
      "32": 0,
      "33": 0,
      "34": 0
    },
    "f": {
      "0": 2,
      "1": 8,
      "2": 4,
      "3": 0,
      "4": 2,
      "5": 2,
      "6": 0
    },
    "b": {
      "0": [
        2,
        0
      ],
      "1": [
        0,
        2
      ],
      "2": [
        0,
        0
      ],
      "3": [
        8,
        0
      ],
      "4": [
        8,
        4
      ],
      "5": [
        0,
        0
      ],
      "6": [
        0,
        0
      ],
      "7": [
        4,
        4
      ],
      "8": [
        2,
        0
      ],
      "9": [
        0,
        0
      ],
      "10": [
        0,
        0
      ]
    },
    "inputSourceMap": {
      "version": 3,
      "mappings": "AAoBM;;;;;;;;;;;;;;;;AApBN,SAAgBA,UAAUC,iBAAiB;AAC3C,SAASC,SAASC,mBAAmB;AACrC,OAAOC,YAAY;AAEnB,MAAMC,SAASA,MAAM;AAAAC;AACnB,QAAM,CAACC,UAAUC,WAAW,IAAIR,SAAS,EAAE;AAC3C,QAAMS,WAAWN,YAAW;AAE5BF,YAAU,MAAM;AACdO,gBAAYC,SAASF,QAAQ;AAAA,EAC/B,GAAG,CAACE,QAAQ,CAAC;AAEb,QAAMC,qBAAqBA,CAACC,UAA2D;AACrF,UAAMC,SAASD,MAAMC;AACrB,UAAML,YAAWK,OAAOC,aAAa,MAAM,KAAK;AAChDL,gBAAYD,SAAQ;AAAA,EACtB;AAEA,SACE,uBAAC,YAAO,WAAWH,OAAOU,QACxB;AAAA,2BAAC,SAAI,WAAWV,OAAOW,aACpBR,uBAAa,OAAOA,aAAa,KAC9B,cACAA,aAAa,WACb,eACAA,aAAa,UACb,cACA,gBAPN;AAAA;AAAA;AAAA;AAAA,WAQA;AAAA,IACA,uBAAC,SAAI,WAAWH,OAAOY,kBACrB,iCAAC,QAAG,WAAWZ,OAAOa,aACpB;AAAA,6BAAC,QACC,iCAAC,WACC,IAAG,KACH,WAAWb,OAAOc,YAClB,gBAAcX,aAAa,MAAM,SAASY,QAC1C,SAAST,oBACT,eAAY,aACb,oBAND;AAAA;AAAA;AAAA;AAAA,aAQA,KATF;AAAA;AAAA;AAAA;AAAA,aAUA;AAAA,MACA,uBAAC,QACC,iCAAC,WACC,IAAG,UACH,WAAWN,OAAOc,YAClB,SAASR,oBACT,eAAY,cACb,qBALD;AAAA;AAAA;AAAA;AAAA,aAOA,KARF;AAAA;AAAA;AAAA;AAAA,aASA;AAAA,MACA,uBAAC,QACC,iCAAC,WACC,IAAG,SACH,WAAWN,OAAOc,YAClB,SAASR,oBACT,eAAY,aACb,oBALD;AAAA;AAAA;AAAA;AAAA,aAOA,KARF;AAAA;AAAA;AAAA;AAAA,aASA;AAAA,SA/BF;AAAA;AAAA;AAAA;AAAA,WAgCA,KAjCF;AAAA;AAAA;AAAA;AAAA,WAkCA;AAAA,OA5CF;AAAA;AAAA;AAAA;AAAA,SA6CA;AAEJ;AAAEJ,GA9DID,QAAM;AAAA,UAEOF,WAAW;AAAA;AAAAiB,KAFxBf;AAgEN,eAAeA;AAAO;AAAAgB",
      "names": [
        "useState",
        "useEffect",
        "NavLink",
        "useLocation",
        "styles",
        "Header",
        "_s",
        "pathname",
        "setPathname",
        "location",
        "handleNavLinkClick",
        "event",
        "target",
        "getAttribute",
        "header",
        "currentPage",
        "headerNavigation",
        "headerLinks",
        "headerLink",
        "undefined",
        "_c",
        "$RefreshReg$"
      ],
      "sources": [
        "D:/1Программирование/RS School/2react-rsschool/src/components/Header.tsx"
      ],
      "file": "D:/1Программирование/RS School/2react-rsschool/src/components/Header.tsx"
    },
    "_coverageSchema": "1a1c01bbd47fc00a2c39e90264f33305004495a9",
    "hash": "10cdcb9c45d6f069cf84bfb0b36929c8eff6b5bf"
  },
  "D:/1Программирование/RS School/2react-rsschool/src/redux/features/input/inputSlice.tsx": {
    "path": "D:/1Программирование/RS School/2react-rsschool/src/redux/features/input/inputSlice.tsx",
    "statementMap": {
      "0": {
        "start": {
          "line": 2,
          "column": 21
        },
        "end": {
          "line": 5,
          "column": 1
        }
      },
      "1": {
        "start": {
          "line": 6,
          "column": 19
        },
        "end": {
          "line": 17,
          "column": 2
        }
      },
      "2": {
        "start": {
          "line": 11,
          "column": 6
        },
        "end": {
          "line": 11,
          "column": 35
        }
      },
      "3": {
        "start": {
          "line": 14,
          "column": 6
        },
        "end": {
          "line": 14,
          "column": 37
        }
      },
      "4": {
        "start": {
          "line": 21,
          "column": 4
        },
        "end": {
          "line": 21,
          "column": 22
        }
      },
      "5": {
        "start": {
          "line": 22,
          "column": 32
        },
        "end": {
          "line": 22,
          "column": 54
        }
      },
      "6": {
        "start": {
          "line": 22,
          "column": 43
        },
        "end": {
          "line": 22,
          "column": 54
        }
      },
      "7": {
        "start": {
          "line": 23,
          "column": 28
        },
        "end": {
          "line": 23,
          "column": 46
        }
      }
    },
    "fnMap": {
      "0": {
        "name": "(anonymous_0)",
        "decl": {
          "start": {
            "line": 10,
            "column": 17
          },
          "end": {
            "line": 10,
            "column": 18
          }
        },
        "loc": {
          "start": {
            "line": 10,
            "column": 36
          },
          "end": {
            "line": 12,
            "column": 5
          }
        },
        "line": 10
      },
      "1": {
        "name": "(anonymous_1)",
        "decl": {
          "start": {
            "line": 13,
            "column": 16
          },
          "end": {
            "line": 13,
            "column": 17
          }
        },
        "loc": {
          "start": {
            "line": 13,
            "column": 35
          },
          "end": {
            "line": 15,
            "column": 5
          }
        },
        "line": 13
      },
      "2": {
        "name": "(anonymous_2)",
        "decl": {
          "start": {
            "line": 22,
            "column": 32
          },
          "end": {
            "line": 22,
            "column": 33
          }
        },
        "loc": {
          "start": {
            "line": 22,
            "column": 43
          },
          "end": {
            "line": 22,
            "column": 54
          }
        },
        "line": 22
      }
    },
    "branchMap": {},
    "s": {
      "0": 2,
      "1": 2,
      "2": 0,
      "3": 0,
      "4": 2,
      "5": 2,
      "6": 60,
      "7": 2
    },
    "f": {
      "0": 0,
      "1": 0,
      "2": 60
    },
    "b": {},
    "inputSourceMap": {
      "version": 3,
      "mappings": "AAAA,SAASA,mBAAkC;AAG3C,MAAMC,eAAe;AAAA,EACnBC,OAAO;AAAA,EACPC,SAAS;AACX;AAEA,MAAMC,aAAaJ,YAAY;AAAA,EAC7BK,MAAM;AAAA,EACNJ;AAAAA,EACAK,UAAU;AAAA,IACRC,aAAaA,CAACC,OAAOC,WAAkC;AACrDD,YAAMN,QAAQO,OAAOC;AAAAA,IACvB;AAAA,IACAC,YAAYA,CAACH,OAAOC,WAAkC;AACpDD,YAAML,UAAUM,OAAOC;AAAAA,IACzB;AAAA,EACF;AACF,CAAC;AAEM,aAAM;AAAA,EAAEH;AAAAA,EAAaI;AAAW,IAAIP,WAAWQ;AAC/C,aAAMC,mBAAmBA,CAACL,UAAqBA,MAAMM;AACrD,aAAMC,eAAeX,WAAWY",
      "names": [
        "createSlice",
        "initialState",
        "value",
        "request",
        "inputSlice",
        "name",
        "reducers",
        "changeValue",
        "state",
        "action",
        "payload",
        "setRequest",
        "actions",
        "selectInputValue",
        "input",
        "inputReducer",
        "reducer"
      ],
      "sources": [
        "D:/1Программирование/RS School/2react-rsschool/src/redux/features/input/inputSlice.tsx"
      ],
      "file": "D:/1Программирование/RS School/2react-rsschool/src/redux/features/input/inputSlice.tsx"
    },
    "_coverageSchema": "1a1c01bbd47fc00a2c39e90264f33305004495a9",
    "hash": "72169550193e4a2c3b838d935b5924203c77554d"
  },
  "D:/1Программирование/RS School/2react-rsschool/src/components/Input.tsx": {
    "path": "D:/1Программирование/RS School/2react-rsschool/src/components/Input.tsx",
    "statementMap": {
      "0": {
        "start": {
          "line": 5,
          "column": 0
        },
        "end": {
          "line": 15,
          "column": 1
        }
      },
      "1": {
        "start": {
          "line": 6,
          "column": 2
        },
        "end": {
          "line": 8,
          "column": 3
        }
      },
      "2": {
        "start": {
          "line": 7,
          "column": 4
        },
        "end": {
          "line": 7,
          "column": 165
        }
      },
      "3": {
        "start": {
          "line": 9,
          "column": 2
        },
        "end": {
          "line": 9,
          "column": 39
        }
      },
      "4": {
        "start": {
          "line": 10,
          "column": 2
        },
        "end": {
          "line": 10,
          "column": 39
        }
      },
      "5": {
        "start": {
          "line": 11,
          "column": 2
        },
        "end": {
          "line": 13,
          "column": 4
        }
      },
      "6": {
        "start": {
          "line": 12,
          "column": 4
        },
        "end": {
          "line": 12,
          "column": 115
        }
      },
      "7": {
        "start": {
          "line": 14,
          "column": 2
        },
        "end": {
          "line": 14,
          "column": 75
        }
      },
      "8": {
        "start": {
          "line": 16,
          "column": 9
        },
        "end": {
          "line": 16,
          "column": 23
        }
      },
      "9": {
        "start": {
          "line": 22,
          "column": 14
        },
        "end": {
          "line": 104,
          "column": 1
        }
      },
      "10": {
        "start": {
          "line": 25,
          "column": 2
        },
        "end": {
          "line": 25,
          "column": 7
        }
      },
      "11": {
        "start": {
          "line": 26,
          "column": 34
        },
        "end": {
          "line": 26,
          "column": 49
        }
      },
      "12": {
        "start": {
          "line": 27,
          "column": 19
        },
        "end": {
          "line": 27,
          "column": 35
        }
      },
      "13": {
        "start": {
          "line": 30,
          "column": 6
        },
        "end": {
          "line": 30,
          "column": 38
        }
      },
      "14": {
        "start": {
          "line": 31,
          "column": 23
        },
        "end": {
          "line": 33,
          "column": 3
        }
      },
      "15": {
        "start": {
          "line": 32,
          "column": 4
        },
        "end": {
          "line": 32,
          "column": 46
        }
      },
      "16": {
        "start": {
          "line": 34,
          "column": 24
        },
        "end": {
          "line": 38,
          "column": 3
        }
      },
      "17": {
        "start": {
          "line": 35,
          "column": 4
        },
        "end": {
          "line": 37,
          "column": 5
        }
      },
      "18": {
        "start": {
          "line": 36,
          "column": 6
        },
        "end": {
          "line": 36,
          "column": 42
        }
      },
      "19": {
        "start": {
          "line": 39,
          "column": 24
        },
        "end": {
          "line": 41,
          "column": 3
        }
      },
      "20": {
        "start": {
          "line": 40,
          "column": 4
        },
        "end": {
          "line": 40,
          "column": 27
        }
      },
      "21": {
        "start": {
          "line": 42,
          "column": 2
        },
        "end": {
          "line": 103,
          "column": 11
        }
      },
      "22": {
        "start": {
          "line": 105,
          "column": 0
        },
        "end": {
          "line": 107,
          "column": 3
        }
      },
      "23": {
        "start": {
          "line": 106,
          "column": 2
        },
        "end": {
          "line": 106,
          "column": 42
        }
      },
      "24": {
        "start": {
          "line": 108,
          "column": 0
        },
        "end": {
          "line": 108,
          "column": 11
        }
      },
      "25": {
        "start": {
          "line": 111,
          "column": 0
        },
        "end": {
          "line": 111,
          "column": 26
        }
      },
      "26": {
        "start": {
          "line": 112,
          "column": 0
        },
        "end": {
          "line": 128,
          "column": 1
        }
      },
      "27": {
        "start": {
          "line": 113,
          "column": 2
        },
        "end": {
          "line": 113,
          "column": 39
        }
      },
      "28": {
        "start": {
          "line": 114,
          "column": 2
        },
        "end": {
          "line": 114,
          "column": 39
        }
      },
      "29": {
        "start": {
          "line": 115,
          "column": 2
        },
        "end": {
          "line": 127,
          "column": 5
        }
      },
      "30": {
        "start": {
          "line": 119,
          "column": 4
        },
        "end": {
          "line": 119,
          "column": 141
        }
      },
      "31": {
        "start": {
          "line": 120,
          "column": 4
        },
        "end": {
          "line": 126,
          "column": 7
        }
      },
      "32": {
        "start": {
          "line": 121,
          "column": 6
        },
        "end": {
          "line": 122,
          "column": 15
        }
      },
      "33": {
        "start": {
          "line": 122,
          "column": 8
        },
        "end": {
          "line": 122,
          "column": 15
        }
      },
      "34": {
        "start": {
          "line": 123,
          "column": 32
        },
        "end": {
          "line": 123,
          "column": 115
        }
      },
      "35": {
        "start": {
          "line": 124,
          "column": 6
        },
        "end": {
          "line": 125,
          "column": 54
        }
      },
      "36": {
        "start": {
          "line": 125,
          "column": 8
        },
        "end": {
          "line": 125,
          "column": 54
        }
      }
    },
    "fnMap": {
      "0": {
        "name": "(anonymous_0)",
        "decl": {
          "start": {
            "line": 11,
            "column": 24
          },
          "end": {
            "line": 11,
            "column": 25
          }
        },
        "loc": {
          "start": {
            "line": 11,
            "column": 38
          },
          "end": {
            "line": 13,
            "column": 3
          }
        },
        "line": 11
      },
      "1": {
        "name": "(anonymous_1)",
        "decl": {
          "start": {
            "line": 22,
            "column": 14
          },
          "end": {
            "line": 22,
            "column": 15
          }
        },
        "loc": {
          "start": {
            "line": 24,
            "column": 6
          },
          "end": {
            "line": 104,
            "column": 1
          }
        },
        "line": 24
      },
      "2": {
        "name": "(anonymous_2)",
        "decl": {
          "start": {
            "line": 31,
            "column": 23
          },
          "end": {
            "line": 31,
            "column": 24
          }
        },
        "loc": {
          "start": {
            "line": 31,
            "column": 34
          },
          "end": {
            "line": 33,
            "column": 3
          }
        },
        "line": 31
      },
      "3": {
        "name": "(anonymous_3)",
        "decl": {
          "start": {
            "line": 34,
            "column": 24
          },
          "end": {
            "line": 34,
            "column": 25
          }
        },
        "loc": {
          "start": {
            "line": 34,
            "column": 35
          },
          "end": {
            "line": 38,
            "column": 3
          }
        },
        "line": 34
      },
      "4": {
        "name": "(anonymous_4)",
        "decl": {
          "start": {
            "line": 39,
            "column": 24
          },
          "end": {
            "line": 39,
            "column": 25
          }
        },
        "loc": {
          "start": {
            "line": 39,
            "column": 30
          },
          "end": {
            "line": 41,
            "column": 3
          }
        },
        "line": 39
      },
      "5": {
        "name": "(anonymous_5)",
        "decl": {
          "start": {
            "line": 105,
            "column": 49
          },
          "end": {
            "line": 105,
            "column": 50
          }
        },
        "loc": {
          "start": {
            "line": 105,
            "column": 60
          },
          "end": {
            "line": 107,
            "column": 1
          }
        },
        "line": 105
      },
      "6": {
        "name": "(anonymous_6)",
        "decl": {
          "start": {
            "line": 118,
            "column": 9
          },
          "end": {
            "line": 118,
            "column": 10
          }
        },
        "loc": {
          "start": {
            "line": 118,
            "column": 29
          },
          "end": {
            "line": 127,
            "column": 3
          }
        },
        "line": 118
      },
      "7": {
        "name": "(anonymous_7)",
        "decl": {
          "start": {
            "line": 120,
            "column": 27
          },
          "end": {
            "line": 120,
            "column": 28
          }
        },
        "loc": {
          "start": {
            "line": 120,
            "column": 44
          },
          "end": {
            "line": 126,
            "column": 5
          }
        },
        "line": 120
      }
    },
    "branchMap": {
      "0": {
        "loc": {
          "start": {
            "line": 5,
            "column": 0
          },
          "end": {
            "line": 15,
            "column": 1
          }
        },
        "type": "if",
        "locations": [
          {
            "start": {
              "line": 5,
              "column": 0
            },
            "end": {
              "line": 15,
              "column": 1
            }
          },
          {
            "start": {},
            "end": {}
          }
        ],
        "line": 5
      },
      "1": {
        "loc": {
          "start": {
            "line": 6,
            "column": 2
          },
          "end": {
            "line": 8,
            "column": 3
          }
        },
        "type": "if",
        "locations": [
          {
            "start": {
              "line": 6,
              "column": 2
            },
            "end": {
              "line": 8,
              "column": 3
            }
          },
          {
            "start": {},
            "end": {}
          }
        ],
        "line": 6
      },
      "2": {
        "loc": {
          "start": {
            "line": 35,
            "column": 4
          },
          "end": {
            "line": 37,
            "column": 5
          }
        },
        "type": "if",
        "locations": [
          {
            "start": {
              "line": 35,
              "column": 4
            },
            "end": {
              "line": 37,
              "column": 5
            }
          },
          {
            "start": {},
            "end": {}
          }
        ],
        "line": 35
      },
      "3": {
        "loc": {
          "start": {
            "line": 35,
            "column": 8
          },
          "end": {
            "line": 35,
            "column": 44
          }
        },
        "type": "binary-expr",
        "locations": [
          {
            "start": {
              "line": 35,
              "column": 8
            },
            "end": {
              "line": 35,
              "column": 29
            }
          },
          {
            "start": {
              "line": 35,
              "column": 33
            },
            "end": {
              "line": 35,
              "column": 44
            }
          }
        ],
        "line": 35
      },
      "4": {
        "loc": {
          "start": {
            "line": 65,
            "column": 16
[...]
      "11": 2,
      "12": 2,
      "13": 2,
      "14": 2,
      "15": 2,
      "16": 2,
      "17": 2,
      "18": 0,
      "19": 0,
      "20": 0,
      "21": 0,
      "22": 0
    },
    "f": {
      "0": 2,
      "1": 4,
      "2": 2,
      "3": 0
    },
    "b": {
      "0": [
        2,
        0
      ],
      "1": [
        0,
        2
      ],
      "2": [
        2,
        0
      ],
      "3": [
        0,
        0
      ],
      "4": [
        0,
        0
      ]
    },
    "inputSourceMap": {
      "version": 3,
      "mappings": "AAMI,mBACE,cADF;AANJ,2BAAuB;AAAkB;AAAA;AAAA;AAAA;AAAA;AAAA;AAAA;AAAA;AAAA;AAAA;AAAA;AAAA;AAAA;AAAA;AACzC,OAAOA,YAAY;AACnB,OAAOC,YAAY;AAEnB,MAAMC,SAASA,MAAM;AACnB,SACE,mCACE;AAAA,2BAAC,YAAD;AAAA;AAAA;AAAA;AAAA,WAAO;AAAA,IACP,uBAAC,UAAK,WAAU,QACd,iCAAC,YAAD;AAAA;AAAA;AAAA;AAAA,WAAO,KADT;AAAA;AAAA;AAAA;AAAA,WAEA;AAAA,IACA,uBAAC,YAAD;AAAA;AAAA;AAAA;AAAA,WAAO;AAAA,OALT;AAAA;AAAA;AAAA;AAAA,SAMA;AAEJ;AAAEC,KAVID;AAYN,eAAeA;AAAO;AAAAE",
      "names": [
        "Footer",
        "Header",
        "Layout",
        "_c",
        "$RefreshReg$"
      ],
      "sources": [
        "D:/1Программирование/RS School/2react-rsschool/src/components/Layout.tsx"
      ],
      "file": "D:/1Программирование/RS School/2react-rsschool/src/components/Layout.tsx"
    },
    "_coverageSchema": "1a1c01bbd47fc00a2c39e90264f33305004495a9",
    "hash": "a8ae7bee79babc329e789020210b0c1bb6c1afc4"
  },
  "D:/1Программирование/RS School/2react-rsschool/src/App.tsx": {
    "path": "D:/1Программирование/RS School/2react-rsschool/src/App.tsx",
    "statementMap": {
      "0": {
        "start": {
          "line": 5,
          "column": 0
        },
        "end": {
          "line": 15,
          "column": 1
        }
      },
      "1": {
        "start": {
          "line": 6,
          "column": 2
        },
        "end": {
          "line": 8,
          "column": 3
        }
      },
      "2": {
        "start": {
          "line": 7,
          "column": 4
        },
        "end": {
          "line": 7,
          "column": 165
        }
      },
      "3": {
        "start": {
          "line": 9,
          "column": 2
        },
        "end": {
          "line": 9,
          "column": 39
        }
      },
      "4": {
        "start": {
          "line": 10,
          "column": 2
        },
        "end": {
          "line": 10,
          "column": 39
        }
      },
      "5": {
        "start": {
          "line": 11,
          "column": 2
        },
        "end": {
          "line": 13,
          "column": 4
        }
      },
      "6": {
        "start": {
          "line": 12,
          "column": 4
        },
        "end": {
          "line": 12,
          "column": 102
        }
      },
      "7": {
        "start": {
          "line": 14,
          "column": 2
        },
        "end": {
          "line": 14,
          "column": 75
        }
      },
      "8": {
        "start": {
          "line": 22,
          "column": 12
        },
        "end": {
          "line": 73,
          "column": 1
        }
      },
      "9": {
        "start": {
          "line": 23,
          "column": 2
        },
        "end": {
          "line": 72,
          "column": 11
        }
      },
      "10": {
        "start": {
          "line": 74,
          "column": 0
        },
        "end": {
          "line": 74,
          "column": 9
        }
      },
      "11": {
        "start": {
          "line": 77,
          "column": 0
        },
        "end": {
          "line": 77,
          "column": 24
        }
      },
      "12": {
        "start": {
          "line": 78,
          "column": 0
        },
        "end": {
          "line": 94,
          "column": 1
        }
      },
      "13": {
        "start": {
          "line": 79,
          "column": 2
        },
        "end": {
          "line": 79,
          "column": 39
        }
      },
      "14": {
        "start": {
          "line": 80,
          "column": 2
        },
        "end": {
          "line": 80,
          "column": 39
        }
      },
      "15": {
        "start": {
          "line": 81,
          "column": 2
        },
        "end": {
          "line": 93,
          "column": 5
        }
      },
      "16": {
        "start": {
          "line": 85,
          "column": 4
        },
        "end": {
          "line": 85,
          "column": 128
        }
      },
      "17": {
        "start": {
          "line": 86,
          "column": 4
        },
        "end": {
          "line": 92,
          "column": 7
        }
      },
      "18": {
        "start": {
          "line": 87,
          "column": 6
        },
        "end": {
          "line": 88,
          "column": 15
        }
      },
      "19": {
        "start": {
          "line": 88,
          "column": 8
        },
        "end": {
          "line": 88,
          "column": 15
        }
      },
      "20": {
        "start": {
          "line": 89,
          "column": 32
        },
        "end": {
          "line": 89,
          "column": 115
        }
      },
      "21": {
        "start": {
          "line": 90,
          "column": 6
        },
        "end": {
          "line": 91,
          "column": 54
        }
      },
      "22": {
        "start": {
          "line": 91,
          "column": 8
        },
        "end": {
          "line": 91,
          "column": 54
        }
      }
    },
    "fnMap": {
      "0": {
        "name": "(anonymous_0)",
        "decl": {
          "start": {
            "line": 11,
            "column": 24
          },
          "end": {
            "line": 11,
            "column": 25
          }
        },
        "loc": {
          "start": {
            "line": 11,
            "column": 38
          },
          "end": {
            "line": 13,
            "column": 3
          }
        },
        "line": 11
      },
      "1": {
        "name": "(anonymous_1)",
        "decl": {
          "start": {
            "line": 22,
            "column": 12
          },
          "end": {
            "line": 22,
            "column": 13
          }
        },
        "loc": {
          "start": {
            "line": 22,
            "column": 18
          },
          "end": {
            "line": 73,
            "column": 1
          }
        },
        "line": 22
      },
      "2": {
        "name": "(anonymous_2)",
        "decl": {
          "start": {
            "line": 84,
            "column": 9
          },
          "end": {
            "line": 84,
            "column": 10
          }
        },
        "loc": {
          "start": {
            "line": 84,
            "column": 29
          },
          "end": {
            "line": 93,
            "column": 3
          }
        },
        "line": 84
      },
      "3": {
        "name": "(anonymous_3)",
        "decl": {
          "start": {
            "line": 86,
            "column": 27
          },
          "end": {
            "line": 86,
            "column": 28
          }
        },
        "loc": {
          "start": {
            "line": 86,
            "column": 44
          },
          "end": {
            "line": 92,
            "column": 5
          }
        },
        "line": 86
      }
    },
    "branchMap": {
      "0": {
        "loc": {
          "start": {
            "line": 5,
            "column": 0
          },
          "end": {
            "line": 15,
            "column": 1
          }
        },
        "type": "if",
        "locations": [
          {
            "start": {
              "line": 5,
              "column": 0
            },
            "end": {
              "line": 15,
              "column": 1
            }
          },
          {
            "start": {},
            "end": {}
          }
        ],
        "line": 5
      },
      "1": {
        "loc": {
          "start": {
            "line": 6,
            "column": 2
          },
          "end": {
            "line": 8,
            "column": 3
          }
        },
        "type": "if",
        "locations": [
          {
            "start": {
              "line": 6,
              "column": 2
            },
            "end": {
              "line": 8,
              "column": 3
            }
          },
          {
            "start": {},
            "end": {}
          }
        ],
        "line": 6
      },
      "2": {
        "loc": {
          "start": {
            "line": 78,
            "column": 0
          },
          "end": {
            "line": 94,
            "column": 1
          }
        },
        "type": "if",
        "locations": [
          {
            "start": {
              "line": 78,
              "column": 0
            },
            "end": {
              "line": 94,
              "column": 1
            }
          },
          {
            "start": {},
            "end": {}
          }
        ],
        "line": 78
      },
      "3": {
        "loc": {
          "start": {
            "line": 87,
            "column": 6
          },
          "end": {
            "line": 88,
            "column": 15
          }
        },
        "type": "if",
        "locations": [
          {
            "start": {
              "line": 87,
              "column": 6
            },
            "end": {
              "line": 88,
              "column": 15
            }
          },
          {
            "start": {},
            "end": {}
          }
        ],
        "line": 87
      },
      "4": {
        "loc": {
          "start": {
            "line": 90,
            "column": 6
          },
          "end": {
            "line": 91,
            "column": 54
          }
        },
        "type": "if",
        "locations": [
          {
            "start": {
              "line": 90,
              "column": 6
            },
            "end": {
              "line": 91,
              "column": 54
            }
          },
          {
            "start": {},
            "end": {}
          }
        ],
        "line": 90
      }
    },
    "s": {
      "0": 2,
      "1": 2,
      "2": 0,
      "3": 2,
      "4": 2,
      "5": 2,
      "6": 2,
      "7": 2,
      "8": 2,
      "9": 4,
      "10": 2,
      "11": 2,
      "12": 2,
      "13": 2,
      "14": 2,
      "15": 2,
      "16": 2,
      "17": 2,
      "18": 0,
      "19": 0,
      "20": 0,
      "21": 0,
      "22": 0
    },
    "f": {
      "0": 2,
      "1": 4,
      "2": 2,
      "3": 0
    },
    "b": {
      "0": [
        2,
        0
      ],
      "1": [
        0,
        2
      ],
      "2": [
        2,
        0
      ],
      "3": [
        0,
        0
      ],
      "4": [
        0,
        0
      ]
    },
    "inputSourceMap": {
      "version": 3,
      "mappings": "AAU+B;AAV/B,2BAAsB;AAAQ,IAAkB;AAAA;AAAA;AAAA;AAAA;AAAA;AAAA;AAAA;AAAA;AAAA;AAAA;AAAA;AAAA;AAAA;AAChD,OAAOA,UAAU;AACjB,OAAOC,WAAW;AAClB,OAAOC,UAAU;AACjB,OAAOC,cAAc;AACrB,OAAOC,YAAY;AAEnB,MAAMC,MAAMA,MAAM;AAChB,SACE,uBAAC,UACC,iCAAC,SAAM,MAAK,KAAI,SAAS,uBAAC,YAAD;AAAA;AAAA;AAAA;AAAA,SAAO,GAC9B;AAAA,2BAAC,SAAM,OAAK,MAAC,SAAS,uBAAC,UAAD;AAAA;AAAA;AAAA;AAAA,WAAK,KAA3B;AAAA;AAAA;AAAA;AAAA,WAA+B;AAAA,IAC/B,uBAAC,SAAM,MAAK,UAAS,SAAS,uBAAC,WAAD;AAAA;AAAA;AAAA;AAAA,WAAM,KAApC;AAAA;AAAA;AAAA;AAAA,WAAwC;AAAA,IACxC,uBAAC,SAAM,MAAK,SAAQ,SAAS,uBAAC,UAAD;AAAA;AAAA;AAAA;AAAA,WAAK,KAAlC;AAAA;AAAA;AAAA;AAAA,WAAsC;AAAA,IACtC,uBAAC,SAAM,MAAK,KAAI,SAAS,uBAAC,cAAD;AAAA;AAAA;AAAA;AAAA,WAAS,KAAlC;AAAA;AAAA;AAAA;AAAA,WAAsC;AAAA,OAJxC;AAAA;AAAA;AAAA;AAAA,SAKA,KANF;AAAA;AAAA;AAAA;AAAA,SAOA;AAEJ;AAAEC,KAXID;AAaN,eAAeA;AAAI;AAAAE",
      "names": [
        "Home",
        "About",
        "Form",
        "NotFound",
        "Layout",
        "App",
        "_c",
        "$RefreshReg$"
      ],
      "sources": [
        "D:/1Программирование/RS School/2react-rsschool/src/App.tsx"
      ],
      "file": "D:/1Программирование/RS School/2react-rsschool/src/App.tsx"
    },
    "_coverageSchema": "1a1c01bbd47fc00a2c39e90264f33305004495a9",
    "hash": "2b46798d56fc5b3e7086d712b7b5189796144989"
  },
  "D:/1Программирование/RS School/2react-rsschool/src/redux/store/store.tsx": {
    "path": "D:/1Программирование/RS School/2react-rsschool/src/redux/store/store.tsx",
    "statementMap": {
      "0": {
        "start": {
          "line": 6,
          "column": 21
        },
        "end": {
          "line": 13,
          "column": 2
        }
      },
      "1": {
        "start": {
          "line": 12,
          "column": 40
        },
        "end": {
          "line": 12,
          "column": 90
        }
      },
      "2": {
        "start": {
          "line": 14,
          "column": 0
        },
        "end": {
          "line": 14,
          "column": 31
        }
      }
    },
    "fnMap": {
      "0": {
        "name": "(anonymous_0)",
        "decl": {
          "start": {
            "line": 12,
            "column": 14
          },
          "end": {
            "line": 12,
            "column": 15
          }
        },
        "loc": {
          "start": {
            "line": 12,
            "column": 40
          },
          "end": {
            "line": 12,
            "column": 90
          }
        },
        "line": 12
      }
    },
    "branchMap": {},
    "s": {
      "0": 2,
      "1": 2,
      "2": 2
    },
    "f": {
      "0": 2
    },
    "b": {},
    "inputSourceMap": {
      "version": 3,
      "mappings": "AAAA,SAASA,sBAAsB;AAC/B,SAASC,sBAAsB;AAC/B,SAASC,mBAAmB;AAC5B,SAASC,gBAAgB;AACzB,SAASC,oBAAoB;AAEtB,aAAMC,QAAQL,eAAe;AAAA,EAClCM,SAAS;AAAA,IACPC,MAAML;AAAAA,IACNM,OAAOJ;AAAAA,IACP,CAACD,SAASM,WAAW,GAAGN,SAASG;AAAAA,EACnC;AAAA,EACAI,YAAaC,0BAAyBA,qBAAoB,EAAGC,OAAOT,SAASO,UAAU;AACzF,CAAC;AAEDT,eAAeI,MAAMQ,QAAQ",
      "names": [
        "configureStore",
        "setupListeners",
        "formReducer",
        "cardsApi",
        "inputReducer",
        "store",
        "reducer",
        "form",
        "input",
        "reducerPath",
        "middleware",
        "getDefaultMiddleware",
        "concat",
        "dispatch"
      ],
      "sources": [
        "D:/1Программирование/RS School/2react-rsschool/src/redux/store/store.tsx"
      ],
      "file": "D:/1Программирование/RS School/2react-rsschool/src/redux/store/store.tsx"
    },
    "_coverageSchema": "1a1c01bbd47fc00a2c39e90264f33305004495a9",
    "hash": "5e9941602fcc9bab467c1167b2027e263c368a80"
  },
  "D:/1Программирование/RS School/2react-rsschool/src/redux/store/index.tsx": {
    "path": "D:/1Программирование/RS School/2react-rsschool/src/redux/store/index.tsx",
    "statementMap": {},
    "fnMap": {},
    "branchMap": {},
    "s": {},
    "f": {},
    "b": {},
    "inputSourceMap": {
      "version": 3,
      "mappings": "AAAA,SAASA,aAAa;AAEtB,eAAeA",
      "names": [
        "store"
      ],
      "sources": [
        "D:/1Программирование/RS School/2react-rsschool/src/redux/store/index.tsx"
      ],
      "file": "D:/1Программирование/RS School/2react-rsschool/src/redux/store/index.tsx"
    },
    "_coverageSchema": "1a1c01bbd47fc00a2c39e90264f33305004495a9",
    "hash": "9c7ef9909c04edaea1ee7be36f201b9e09eabb6d"
  },
  "D:/1Программирование/RS School/2react-rsschool/src/entry-client.tsx": {
    "path": "D:/1Программирование/RS School/2react-rsschool/src/entry-client.tsx",
    "statementMap": {
      "0": {
        "start": {
          "line": 9,
          "column": 0
        },
        "end": {
          "line": 25,
          "column": 10
        }
      }
    },
    "fnMap": {},
    "branchMap": {},
    "s": {
      "0": 2
    },
    "f": {},
    "b": {},
    "inputSourceMap": {
      "version": 3,
      "mappings": "AAaQ;AAbR,OAAOA,WAAW;AAClB,OAAOC,cAAc;AACrB,SAASC,gBAAgB;AACzB,SAASC,qBAAqB;AAC9B,OAAOC,SAAS;AAChB,OAAOC,WAAW;AAClB,OAAO;AAEPJ,SAASK,YACPC,SAASC,eAAe,MAAM,GAC9B,uBAAC,MAAM,YAAN,EACC,iCAAC,YAAS,OACR,iCAAC,iBACC,iCAAC,SAAD;AAAA;AAAA;AAAA;AAAA,OAAI,KADN;AAAA;AAAA;AAAA;AAAA,OAEA,KAHF;AAAA;AAAA;AAAA;AAAA,OAIA,KALF;AAAA;AAAA;AAAA;AAAA,OAMA,CAAmB",
      "names": [
        "React",
        "ReactDOM",
        "Provider",
        "BrowserRouter",
        "App",
        "store",
        "hydrateRoot",
        "document",
        "getElementById"
      ],
      "sources": [
        "D:/1Программирование/RS School/2react-rsschool/src/entry-client.tsx"
      ],
      "file": "D:/1Программирование/RS School/2react-rsschool/src/entry-client.tsx"
    },
    "_coverageSchema": "1a1c01bbd47fc00a2c39e90264f33305004495a9",
    "hash": "a6fcd0d60a2a22ce36186531349797407190cbb9"
  },
  "D:/1Программирование/RS School/2react-rsschool/src/App.test.tsx": {
    "path": "D:/1Программирование/RS School/2react-rsschool/src/App.test.tsx",
    "statementMap": {},
    "fnMap": {},
    "branchMap": {},
    "s": {},
    "f": {},
    "b": {}
  },
  "D:/1Программирование/RS School/2react-rsschool/src/entry-server.tsx": {
    "path": "D:/1Программирование/RS School/2react-rsschool/src/entry-server.tsx",
    "statementMap": {},
    "fnMap": {},
    "branchMap": {},
    "s": {},
    "f": {},
    "b": {}
  },
  "D:/1Программирование/RS School/2react-rsschool/src/types/index.tsx": {
    "path": "D:/1Программирование/RS School/2react-rsschool/src/types/index.tsx",
    "statementMap": {},
    "fnMap": {},
    "branchMap": {},
    "s": {},
    "f": {},
    "b": {}
  },
  "D:/1Программирование/RS School/2react-rsschool/src/components/tests/Card.test.tsx": {
    "path": "D:/1Программирование/RS School/2react-rsschool/src/components/tests/Card.test.tsx",
    "statementMap": {},
    "fnMap": {},
    "branchMap": {},
    "s": {},
    "f": {},
    "b": {}
  },
  "D:/1Программирование/RS School/2react-rsschool/src/components/tests/Header.test.tsx": {
    "path": "D:/1Программирование/RS School/2react-rsschool/src/components/tests/Header.test.tsx",
    "statementMap": {},
    "fnMap": {},
    "branchMap": {},
    "s": {},
    "f": {},
    "b": {}
  },
  "D:/1Программирование/RS School/2react-rsschool/src/components/tests/Input.test.tsx": {
    "path": "D:/1Программирование/RS School/2react-rsschool/src/components/tests/Input.test.tsx",
    "statementMap": {},
    "fnMap": {},
    "branchMap": {},
    "s": {},
    "f": {},
    "b": {}
  },
  "D:/1Программирование/RS School/2react-rsschool/src/components/tests/UserCard.test.tsx": {
    "path": "D:/1Программирование/RS School/2react-rsschool/src/components/tests/UserCard.test.tsx",
    "statementMap": {},
    "fnMap": {},
    "branchMap": {},
    "s": {},
    "f": {},
    "b": {}
  },
  "D:/1Программирование/RS School/2react-rsschool/src/components/tests/UserForm.test.tsx": {
    "path": "D:/1Программирование/RS School/2react-rsschool/src/components/tests/UserForm.test.tsx",
    "statementMap": {},
    "fnMap": {},
    "branchMap": {},
    "s": {},
    "f": {},
    "b": {}
  },
  "D:/1Программирование/RS School/2react-rsschool/src/pages/tests/About.test.tsx": {
    "path": "D:/1Программирование/RS School/2react-rsschool/src/pages/tests/About.test.tsx",
    "statementMap": {},
    "fnMap": {},
    "branchMap": {},
    "s": {},
    "f": {},
    "b": {}
  },
  "D:/1Программирование/RS School/2react-rsschool/src/pages/tests/Form.test.tsx": {
    "path": "D:/1Программирование/RS School/2react-rsschool/src/pages/tests/Form.test.tsx",
    "statementMap": {},
    "fnMap": {},
    "branchMap": {},
    "s": {},
    "f": {},
    "b": {}
  },
  "D:/1Программирование/RS School/2react-rsschool/src/pages/tests/Home.test.tsx": {
    "path": "D:/1Программирование/RS School/2react-rsschool/src/pages/tests/Home.test.tsx",
    "statementMap": {},
    "fnMap": {},
    "branchMap": {},
    "s": {},
    "f": {},
    "b": {}
  },
  "D:/1Программирование/RS School/2react-rsschool/src/pages/tests/NotFound.test.tsx": {
    "path": "D:/1Программирование/RS School/2react-rsschool/src/pages/tests/NotFound.test.tsx",
    "statementMap": {},
    "fnMap": {},
    "branchMap": {},
    "s": {},
    "f": {},
    "b": {}
  }
}
